<?xml version="1.0" encoding="UTF-8"?>
<testsuite xmlns:xsi="http://www.w3.org/2001/XMLSchema-instance" xsi:noNamespaceSchemaLocation="https://maven.apache.org/surefire/maven-surefire-plugin/xsd/surefire-test-report.xsd" version="3.0.2" name="com.example.codedocumentgenerationapp.CodeDocumentGenerationApplicationTests" time="1.291" tests="1" errors="0" skipped="0" failures="0">
  <properties>
[...]
</properties>
  <testcase name="contextLoads" classname="com.example.codedocumentgenerationapp.CodeDocumentGenerationApplicationTests" time="0.413">
    <system-out><![CDATA[11:02:09.414 [main] INFO org.springframework.test.context.support.AnnotationConfigContextLoaderUtils -- Could not detect default configuration classes for test class [com.example.codedocumentgenerationapp.CodeDocumentGenerationApplicationTests]: CodeDocumentGenerationApplicationTests does not declare any static, non-private, non-final, nested classes annotated with @Configuration.
11:02:09.462 [main] INFO org.springframework.boot.test.context.SpringBootTestContextBootstrapper -- Found @SpringBootConfiguration com.example.codedocumentgenerationapp.CodeDocumentGenerationApplication for test class com.example.codedocumentgenerationapp.CodeDocumentGenerationApplicationTests

  .   ____          _            __ _ _
 /\\ / ___'_ __ _ _(_)_ __  __ _ \ \ \ \
( ( )\___ | '_ | '_| | '_ \/ _` | \ \ \ \
 \\/  ___)| |_)| | | | | || (_| |  ) ) ) )
  '  |____| .__|_| |_|_| |_\__, | / / / /
 =========|_|==============|___/=/_/_/_/

 :: Spring Boot ::                (v3.4.1)

2026-01-19T11:02:09.631-05:00  INFO 39151 --- [codedocumentgenerationapp] [           main] c.CodeDocumentGenerationApplicationTests : Starting CodeDocumentGenerationApplicationTests using Java 17.0.10 with PID 39151 (started by nehakakkar in /Users/sushantsaini/AntigravityProjects/CodeDocumentGenerationApp)
2026-01-19T11:02:09.632-05:00  INFO 39151 --- [codedocumentgenerationapp] [           main] c.CodeDocumentGenerationApplicationTests : No active profile set, falling back to 1 default profile: "default"
2026-01-19T11:02:10.193-05:00  INFO 39151 --- [codedocumentgenerationapp] [           main] c.CodeDocumentGenerationApplicationTests : Started CodeDocumentGenerationApplicationTests in 0.672 seconds (process running for 1.11)
]]></system-out>
  </testcase>
</testsuite>